[2023-12-09 11:16:25,573: INFO: main: Welcom to oure custom log]
[2023-12-09 16:05:45,813: INFO: common: yaml file: config\config.yaml loaded successfully]
[2023-12-09 16:05:45,838: INFO: common: yaml file: params.yaml loaded successfully]
[2023-12-09 16:05:45,844: INFO: common: created directory at: artifacts]
[2023-12-09 16:05:45,850: INFO: common: created directory at: artifacts/prepare_base_model]
[2023-12-09 16:06:21,447: INFO: common: yaml file: config\config.yaml loaded successfully]
[2023-12-09 16:06:21,463: INFO: common: yaml file: params.yaml loaded successfully]
[2023-12-09 16:06:21,466: INFO: common: created directory at: artifacts]
[2023-12-09 16:06:21,468: INFO: common: created directory at: artifacts/prepare_base_model]
[2023-12-09 16:06:54,534: WARNING: saving_utils: Compiled the loaded model, but the compiled metrics have yet to be built. `model.compile_metrics` will be empty until you train or evaluate the model.]
[2023-12-09 16:18:53,455: INFO: main: >>>>>> stage Data Ingestion stage started <<<<<<]
[2023-12-09 16:18:53,460: INFO: common: yaml file: config\config.yaml loaded successfully]
[2023-12-09 16:18:53,462: INFO: common: yaml file: params.yaml loaded successfully]
[2023-12-09 16:18:53,463: INFO: common: created directory at: artifacts]
[2023-12-09 16:18:53,464: INFO: common: created directory at: artifacts/data_ingestion]
[2023-12-09 16:18:53,465: INFO: data_ingestion: Downloading data from https://drive.google.com/file/d/1rbpGCMwu5IIbwovqPh7D_pLfMMQ80JQB/view?usp=sharing into file artifacts/data_ingestion/data.zip]
[2023-12-09 16:19:18,976: INFO: data_ingestion: Downloaded data from https://drive.google.com/file/d/1rbpGCMwu5IIbwovqPh7D_pLfMMQ80JQB/view?usp=sharing into file artifacts/data_ingestion/data.zip]
[2023-12-09 16:19:20,167: INFO: main: >>>>>> stage Data Ingestion stage completed <<<<<<

x==========x]
[2023-12-09 16:19:20,176: INFO: main: *******************]
[2023-12-09 16:19:20,176: INFO: main: >>>>>> stage Prepare base model started <<<<<<]
[2023-12-09 16:19:20,180: INFO: common: yaml file: config\config.yaml loaded successfully]
[2023-12-09 16:19:20,184: INFO: common: yaml file: params.yaml loaded successfully]
[2023-12-09 16:19:20,201: INFO: common: created directory at: artifacts]
[2023-12-09 16:19:20,202: INFO: common: created directory at: artifacts/prepare_base_model]
[2023-12-09 16:19:21,071: WARNING: saving_utils: Compiled the loaded model, but the compiled metrics have yet to be built. `model.compile_metrics` will be empty until you train or evaluate the model.]
[2023-12-09 16:19:21,448: INFO: main: >>>>>> stage Prepare base model completed <<<<<<

x==========x]
[2023-12-10 11:38:51,645: INFO: common: yaml file: config\config.yaml loaded successfully]
[2023-12-10 11:38:51,653: INFO: common: yaml file: params.yaml loaded successfully]
[2023-12-10 11:38:51,658: INFO: common: created directory at: artifacts]
[2023-12-10 11:38:51,661: INFO: common: created directory at: artifacts\training]
[2023-12-10 11:42:48,621: INFO: common: yaml file: config\config.yaml loaded successfully]
[2023-12-10 11:42:48,637: INFO: common: yaml file: params.yaml loaded successfully]
[2023-12-10 11:42:48,640: INFO: common: created directory at: artifacts]
[2023-12-10 11:42:48,642: INFO: common: created directory at: artifacts\training]
[2023-12-10 11:51:53,168: INFO: main: >>>>>> stage Data Ingestion stage started <<<<<<]
[2023-12-10 11:51:53,173: INFO: common: yaml file: config\config.yaml loaded successfully]
[2023-12-10 11:51:53,175: INFO: common: yaml file: params.yaml loaded successfully]
[2023-12-10 11:51:53,177: INFO: common: created directory at: artifacts]
[2023-12-10 11:51:53,177: ERROR: main: 'ConfigurationManager' object has no attribute 'get_data_ingestion_config']
Traceback (most recent call last):
  File "main.py", line 13, in <module>
    obj.main()
  File "c:\users\neels\desktop\ml\end-end project kidney disease classification\src\cnnClassifier\pipline\stage_01_data_ingestion.py", line 21, in main
    raise e
  File "c:\users\neels\desktop\ml\end-end project kidney disease classification\src\cnnClassifier\pipline\stage_01_data_ingestion.py", line 16, in main
    data_ingestion_config = config.get_data_ingestion_config()
AttributeError: 'ConfigurationManager' object has no attribute 'get_data_ingestion_config'
[2023-12-10 11:54:27,681: INFO: main: >>>>>> stage Data Ingestion stage started <<<<<<]
[2023-12-10 11:54:27,686: INFO: common: yaml file: config\config.yaml loaded successfully]
[2023-12-10 11:54:27,690: INFO: common: yaml file: params.yaml loaded successfully]
[2023-12-10 11:54:27,691: INFO: common: created directory at: artifacts]
[2023-12-10 11:54:27,692: INFO: common: created directory at: artifacts/data_ingestion]
[2023-12-10 11:54:27,692: INFO: data_ingestion: Downloading data from https://drive.google.com/file/d/1rbpGCMwu5IIbwovqPh7D_pLfMMQ80JQB/view?usp=sharing into file artifacts/data_ingestion/data.zip]
[2023-12-10 11:54:44,747: INFO: data_ingestion: Downloaded data from https://drive.google.com/file/d/1rbpGCMwu5IIbwovqPh7D_pLfMMQ80JQB/view?usp=sharing into file artifacts/data_ingestion/data.zip]
[2023-12-10 11:54:45,856: INFO: main: >>>>>> stage Data Ingestion stage completed <<<<<<

x==========x]
[2023-12-10 11:54:45,858: INFO: main: *******************]
[2023-12-10 11:54:45,859: INFO: main: >>>>>> stage Prepare base model started <<<<<<]
[2023-12-10 11:54:45,864: INFO: common: yaml file: config\config.yaml loaded successfully]
[2023-12-10 11:54:45,867: INFO: common: yaml file: params.yaml loaded successfully]
[2023-12-10 11:54:45,869: INFO: common: created directory at: artifacts]
[2023-12-10 11:54:45,885: INFO: common: created directory at: artifacts/prepare_base_model]
[2023-12-10 11:54:46,618: WARNING: saving_utils: Compiled the loaded model, but the compiled metrics have yet to be built. `model.compile_metrics` will be empty until you train or evaluate the model.]
[2023-12-10 11:54:46,934: INFO: main: >>>>>> stage Prepare base model completed <<<<<<

x==========x]
[2023-12-10 11:54:46,935: INFO: main: *******************]
[2023-12-10 11:54:46,935: INFO: main: >>>>>> stage Training started <<<<<<]
[2023-12-10 11:54:46,939: INFO: common: yaml file: config\config.yaml loaded successfully]
[2023-12-10 11:54:46,942: INFO: common: yaml file: params.yaml loaded successfully]
[2023-12-10 11:54:46,943: INFO: common: created directory at: artifacts]
[2023-12-10 11:54:46,944: INFO: common: created directory at: artifacts\training]
[2023-12-10 11:55:29,024: INFO: main: >>>>>> stage Training completed <<<<<<

x==========x]
[2023-12-10 12:29:21,883: INFO: common: yaml file: config\config.yaml loaded successfully]
[2023-12-10 12:29:21,902: INFO: common: yaml file: params.yaml loaded successfully]
[2023-12-10 12:29:21,907: INFO: common: created directory at: artifacts]
[2023-12-10 12:29:39,127: INFO: common: json file saved at: scores.json]
[2023-12-10 12:31:15,063: INFO: common: yaml file: config\config.yaml loaded successfully]
[2023-12-10 12:31:15,067: INFO: common: yaml file: params.yaml loaded successfully]
[2023-12-10 12:31:15,070: INFO: common: created directory at: artifacts]
[2023-12-10 12:31:30,772: INFO: common: json file saved at: scores.json]
[2023-12-10 12:32:53,304: INFO: common: yaml file: config\config.yaml loaded successfully]
[2023-12-10 12:32:53,311: INFO: common: yaml file: params.yaml loaded successfully]
[2023-12-10 12:32:53,314: INFO: common: created directory at: artifacts]
[2023-12-10 12:33:09,022: INFO: common: json file saved at: scores.json]
[2023-12-10 12:33:13,480: WARNING: save: Found untraced functions such as _jit_compiled_convolution_op, _jit_compiled_convolution_op, _jit_compiled_convolution_op, _jit_compiled_convolution_op, _jit_compiled_convolution_op while saving (showing 5 of 14). These functions will not be directly callable after loading.]
[2023-12-10 12:33:14,720: INFO: builder_impl: Assets written to: C:\Users\neels\AppData\Local\Temp\tmp_7d6aq1w\model\data\model\assets]
[2023-12-10 12:56:52,677: INFO: main: >>>>>> stage Data Ingestion stage started <<<<<<]
[2023-12-10 12:56:52,682: INFO: common: yaml file: config\config.yaml loaded successfully]
[2023-12-10 12:56:52,686: INFO: common: yaml file: params.yaml loaded successfully]
[2023-12-10 12:56:52,687: INFO: common: created directory at: artifacts]
[2023-12-10 12:56:52,689: INFO: common: created directory at: artifacts/data_ingestion]
[2023-12-10 12:56:52,690: INFO: data_ingestion: Downloading data from https://drive.google.com/file/d/1rbpGCMwu5IIbwovqPh7D_pLfMMQ80JQB/view?usp=sharing into file artifacts/data_ingestion/data.zip]
[2023-12-10 12:57:14,265: INFO: data_ingestion: Downloaded data from https://drive.google.com/file/d/1rbpGCMwu5IIbwovqPh7D_pLfMMQ80JQB/view?usp=sharing into file artifacts/data_ingestion/data.zip]
[2023-12-10 12:57:15,019: INFO: main: >>>>>> stage Data Ingestion stage completed <<<<<<

x==========x]
[2023-12-10 12:57:15,019: INFO: main: *******************]
[2023-12-10 12:57:15,019: INFO: main: >>>>>> stage Prepare base model started <<<<<<]
[2023-12-10 12:57:15,022: INFO: common: yaml file: config\config.yaml loaded successfully]
[2023-12-10 12:57:15,024: INFO: common: yaml file: params.yaml loaded successfully]
[2023-12-10 12:57:15,024: INFO: common: created directory at: artifacts]
[2023-12-10 12:57:15,025: INFO: common: created directory at: artifacts/prepare_base_model]
[2023-12-10 12:57:15,540: WARNING: saving_utils: Compiled the loaded model, but the compiled metrics have yet to be built. `model.compile_metrics` will be empty until you train or evaluate the model.]
[2023-12-10 12:57:15,814: INFO: main: >>>>>> stage Prepare base model completed <<<<<<

x==========x]
[2023-12-10 12:57:15,815: INFO: main: *******************]
[2023-12-10 12:57:15,815: INFO: main: >>>>>> stage Training started <<<<<<]
[2023-12-10 12:57:15,820: INFO: common: yaml file: config\config.yaml loaded successfully]
[2023-12-10 12:57:15,823: INFO: common: yaml file: params.yaml loaded successfully]
[2023-12-10 12:57:15,824: INFO: common: created directory at: artifacts]
[2023-12-10 12:57:15,825: INFO: common: created directory at: artifacts\training]
[2023-12-10 12:58:03,030: INFO: main: >>>>>> stage Training completed <<<<<<

x==========x]
[2023-12-10 12:58:03,030: INFO: main: *******************]
[2023-12-10 12:58:03,030: INFO: main: >>>>>> stage Evaluation stage started <<<<<<]
[2023-12-10 12:58:03,033: INFO: common: yaml file: config\config.yaml loaded successfully]
[2023-12-10 12:58:03,035: INFO: common: yaml file: params.yaml loaded successfully]
[2023-12-10 12:58:03,035: INFO: common: created directory at: artifacts]
[2023-12-10 12:58:18,362: INFO: common: json file saved at: scores.json]
[2023-12-10 12:58:18,363: INFO: common: json file saved at: scores.json]
[2023-12-10 12:58:18,364: INFO: main: >>>>>> stage Evaluation stage completed <<<<<<

x==========x]
[2023-12-10 13:00:03,032: INFO: main: >>>>>> stage Data Ingestion stage started <<<<<<]
[2023-12-10 13:00:03,035: INFO: common: yaml file: config\config.yaml loaded successfully]
[2023-12-10 13:00:03,043: INFO: common: yaml file: params.yaml loaded successfully]
[2023-12-10 13:00:03,044: INFO: common: created directory at: artifacts]
[2023-12-10 13:00:03,044: INFO: common: created directory at: artifacts/data_ingestion]
[2023-12-10 13:00:03,044: INFO: data_ingestion: Downloading data from https://drive.google.com/file/d/1rbpGCMwu5IIbwovqPh7D_pLfMMQ80JQB/view?usp=sharing into file artifacts/data_ingestion/data.zip]
[2023-12-10 13:00:28,930: INFO: data_ingestion: Downloaded data from https://drive.google.com/file/d/1rbpGCMwu5IIbwovqPh7D_pLfMMQ80JQB/view?usp=sharing into file artifacts/data_ingestion/data.zip]
[2023-12-10 13:00:29,526: INFO: main: >>>>>> stage Data Ingestion stage completed <<<<<<

x==========x]
[2023-12-10 13:00:29,527: INFO: main: *******************]
[2023-12-10 13:00:29,527: INFO: main: >>>>>> stage Prepare base model started <<<<<<]
[2023-12-10 13:00:29,530: INFO: common: yaml file: config\config.yaml loaded successfully]
[2023-12-10 13:00:29,532: INFO: common: yaml file: params.yaml loaded successfully]
[2023-12-10 13:00:29,532: INFO: common: created directory at: artifacts]
[2023-12-10 13:00:29,533: INFO: common: created directory at: artifacts/prepare_base_model]
[2023-12-10 13:00:30,071: WARNING: saving_utils: Compiled the loaded model, but the compiled metrics have yet to be built. `model.compile_metrics` will be empty until you train or evaluate the model.]
[2023-12-10 13:00:30,410: INFO: main: >>>>>> stage Prepare base model completed <<<<<<

x==========x]
[2023-12-10 13:00:30,410: INFO: main: *******************]
[2023-12-10 13:00:30,411: INFO: main: >>>>>> stage Training started <<<<<<]
[2023-12-10 13:00:30,415: INFO: common: yaml file: config\config.yaml loaded successfully]
[2023-12-10 13:00:30,419: INFO: common: yaml file: params.yaml loaded successfully]
[2023-12-10 13:00:30,420: INFO: common: created directory at: artifacts]
[2023-12-10 13:00:30,420: INFO: common: created directory at: artifacts\training]
[2023-12-10 13:01:24,315: INFO: main: >>>>>> stage Training completed <<<<<<

x==========x]
[2023-12-10 13:01:24,315: INFO: main: *******************]
[2023-12-10 13:01:24,316: INFO: main: >>>>>> stage Evaluation stage started <<<<<<]
[2023-12-10 13:01:24,318: INFO: common: yaml file: config\config.yaml loaded successfully]
[2023-12-10 13:01:24,321: INFO: common: yaml file: params.yaml loaded successfully]
[2023-12-10 13:01:24,322: INFO: common: created directory at: artifacts]
[2023-12-10 13:01:39,132: INFO: common: json file saved at: scores.json]
[2023-12-10 13:01:39,133: INFO: common: json file saved at: scores.json]
[2023-12-10 13:01:39,133: INFO: main: >>>>>> stage Evaluation stage completed <<<<<<

x==========x]
[2023-12-10 13:03:22,418: INFO: main: >>>>>> stage Data Ingestion stage started <<<<<<]
[2023-12-10 13:03:22,421: INFO: common: yaml file: config\config.yaml loaded successfully]
[2023-12-10 13:03:22,424: INFO: common: yaml file: params.yaml loaded successfully]
[2023-12-10 13:03:22,424: INFO: common: created directory at: artifacts]
[2023-12-10 13:03:22,425: INFO: common: created directory at: artifacts/data_ingestion]
[2023-12-10 13:03:22,425: INFO: data_ingestion: Downloading data from https://drive.google.com/file/d/1rbpGCMwu5IIbwovqPh7D_pLfMMQ80JQB/view?usp=sharing into file artifacts/data_ingestion/data.zip]
[2023-12-10 13:03:47,852: INFO: data_ingestion: Downloaded data from https://drive.google.com/file/d/1rbpGCMwu5IIbwovqPh7D_pLfMMQ80JQB/view?usp=sharing into file artifacts/data_ingestion/data.zip]
[2023-12-10 13:03:48,392: INFO: main: >>>>>> stage Data Ingestion stage completed <<<<<<

x==========x]
[2023-12-10 13:03:48,392: INFO: main: *******************]
[2023-12-10 13:03:48,392: INFO: main: >>>>>> stage Prepare base model started <<<<<<]
[2023-12-10 13:03:48,395: INFO: common: yaml file: config\config.yaml loaded successfully]
[2023-12-10 13:03:48,397: INFO: common: yaml file: params.yaml loaded successfully]
[2023-12-10 13:03:48,397: INFO: common: created directory at: artifacts]
[2023-12-10 13:03:48,397: INFO: common: created directory at: artifacts/prepare_base_model]
[2023-12-10 13:03:48,829: WARNING: saving_utils: Compiled the loaded model, but the compiled metrics have yet to be built. `model.compile_metrics` will be empty until you train or evaluate the model.]
[2023-12-10 13:03:49,098: INFO: main: >>>>>> stage Prepare base model completed <<<<<<

x==========x]
[2023-12-10 13:03:49,099: INFO: main: *******************]
[2023-12-10 13:03:49,099: INFO: main: >>>>>> stage Training started <<<<<<]
[2023-12-10 13:03:49,102: INFO: common: yaml file: config\config.yaml loaded successfully]
[2023-12-10 13:03:49,104: INFO: common: yaml file: params.yaml loaded successfully]
[2023-12-10 13:03:49,104: INFO: common: created directory at: artifacts]
[2023-12-10 13:03:49,105: INFO: common: created directory at: artifacts\training]
[2023-12-10 13:04:35,813: INFO: main: >>>>>> stage Training completed <<<<<<

x==========x]
[2023-12-10 13:04:35,813: INFO: main: *******************]
[2023-12-10 13:04:35,813: INFO: main: >>>>>> stage Evaluation stage started <<<<<<]
[2023-12-10 13:04:35,816: INFO: common: yaml file: config\config.yaml loaded successfully]
[2023-12-10 13:04:35,819: INFO: common: yaml file: params.yaml loaded successfully]
[2023-12-10 13:04:35,819: INFO: common: created directory at: artifacts]
[2023-12-10 13:04:50,416: INFO: common: json file saved at: scores.json]
[2023-12-10 13:04:50,417: INFO: common: json file saved at: scores.json]
[2023-12-10 13:04:55,164: WARNING: save: Found untraced functions such as _jit_compiled_convolution_op, _jit_compiled_convolution_op, _jit_compiled_convolution_op, _jit_compiled_convolution_op, _jit_compiled_convolution_op while saving (showing 5 of 14). These functions will not be directly callable after loading.]
[2023-12-10 13:04:55,786: INFO: builder_impl: Assets written to: C:\Users\neels\AppData\Local\Temp\tmpnf5bneaa\model\data\model\assets]
[2023-12-10 13:09:56,031: INFO: main: >>>>>> stage Evaluation stage completed <<<<<<

x==========x]
[2023-12-10 15:07:39,709: INFO: stage_01_data_ingestion: >>>>>> stage Data Ingestion stage started <<<<<<]
[2023-12-10 15:07:39,717: INFO: common: yaml file: config\config.yaml loaded successfully]
[2023-12-10 15:07:39,725: INFO: common: yaml file: params.yaml loaded successfully]
[2023-12-10 15:07:39,725: INFO: common: created directory at: artifacts]
[2023-12-10 15:07:39,727: INFO: common: created directory at: artifacts/data_ingestion]
[2023-12-10 15:07:39,728: INFO: data_ingestion: Downloading data from https://drive.google.com/file/d/1rbpGCMwu5IIbwovqPh7D_pLfMMQ80JQB/view?usp=sharing into file artifacts/data_ingestion/data.zip]
[2023-12-10 15:08:11,739: INFO: data_ingestion: Downloaded data from https://drive.google.com/file/d/1rbpGCMwu5IIbwovqPh7D_pLfMMQ80JQB/view?usp=sharing into file artifacts/data_ingestion/data.zip]
[2023-12-10 15:08:12,926: INFO: stage_01_data_ingestion: >>>>>> stage Data Ingestion stage completed <<<<<<

x==========x]
[2023-12-10 15:08:34,395: INFO: stage_02_prepare_base_model: *******************]
[2023-12-10 15:08:34,396: INFO: stage_02_prepare_base_model: >>>>>> stage Prepare base model started <<<<<<]
[2023-12-10 15:08:34,400: INFO: common: yaml file: config\config.yaml loaded successfully]
[2023-12-10 15:08:34,403: INFO: common: yaml file: params.yaml loaded successfully]
[2023-12-10 15:08:34,404: INFO: common: created directory at: artifacts]
[2023-12-10 15:08:34,404: INFO: common: created directory at: artifacts/prepare_base_model]
[2023-12-10 15:08:35,289: WARNING: saving_utils: Compiled the loaded model, but the compiled metrics have yet to be built. `model.compile_metrics` will be empty until you train or evaluate the model.]
[2023-12-10 15:08:35,659: INFO: stage_02_prepare_base_model: >>>>>> stage Prepare base model completed <<<<<<

x==========x]
[2023-12-10 15:08:46,029: INFO: stage_03_model_training: *******************]
[2023-12-10 15:08:46,029: INFO: stage_03_model_training: >>>>>> stage Training started <<<<<<]
[2023-12-10 15:08:46,034: INFO: common: yaml file: config\config.yaml loaded successfully]
[2023-12-10 15:08:46,037: INFO: common: yaml file: params.yaml loaded successfully]
[2023-12-10 15:08:46,038: INFO: common: created directory at: artifacts]
[2023-12-10 15:08:46,038: INFO: common: created directory at: artifacts\training]
[2023-12-10 15:09:29,950: INFO: stage_03_model_training: >>>>>> stage Training completed <<<<<<

x==========x]
[2023-12-10 15:09:40,214: INFO: stage_04_model_evalution: *******************]
[2023-12-10 15:09:40,215: INFO: stage_04_model_evalution: >>>>>> stage Evaluation stage started <<<<<<]
[2023-12-10 15:09:40,220: INFO: common: yaml file: config\config.yaml loaded successfully]
[2023-12-10 15:09:40,223: INFO: common: yaml file: params.yaml loaded successfully]
[2023-12-10 15:09:40,224: INFO: common: created directory at: artifacts]
[2023-12-10 15:09:55,349: INFO: common: json file saved at: scores.json]
[2023-12-10 15:09:55,350: INFO: common: json file saved at: scores.json]
[2023-12-10 15:09:55,350: INFO: stage_04_model_evalution: >>>>>> stage Evaluation stage completed <<<<<<

x==========x]
